1618732405853	geckodriver	INFO	Listening on 127.0.0.1:54691
1618732408893	mozrunner::runner	INFO	Running command: "C:\\Program Files\\MozillaFirefox\\firefox.exe" "--marionette" "--ignore-certificate-errors" "--incognito" "-foreground" "-no-remote" "-profile" "C:\\Users\\jtl\\AppData\\Local\\Temp\\rust_mozprofileIw032X"
Unable to read VR Path Registry from C:\Users\jtl\AppData\Local\openvr\openvrpaths.vrpath
Unable to read VR Path Registry from C:\Users\jtl\AppData\Local\openvr\openvrpaths.vrpath
Unable to read VR Path Registry from C:\Users\jtl\AppData\Local\openvr\openvrpaths.vrpath
Unable to read VR Path Registry from C:\Users\jtl\AppData\Local\openvr\openvrpaths.vrpath
Unable to read VR Path Registry from C:\Users\jtl\AppData\Local\openvr\openvrpaths.vrpath
1618732411200	Marionette	INFO	Listening on port 54701
1618732411552	Marionette	WARN	TLS certificate errors will be ignored for this session
1618732445912	geckodriver	INFO	Listening on 127.0.0.1:54750
1618732448997	mozrunner::runner	INFO	Running command: "C:\\Program Files\\MozillaFirefox\\firefox.exe" "--marionette" "--ignore-certificate-errors" "--incognito" "-foreground" "-no-remote" "-profile" "C:\\Users\\jtl\\AppData\\Local\\Temp\\rust_mozprofileN28Km0"
Unable to read VR Path Registry from C:\Users\jtl\AppData\Local\openvr\openvrpaths.vrpath
Unable to read VR Path Registry from C:\Users\jtl\AppData\Local\openvr\openvrpaths.vrpath
Unable to read VR Path Registry from C:\Users\jtl\AppData\Local\openvr\openvrpaths.vrpath
Unable to read VR Path Registry from C:\Users\jtl\AppData\Local\openvr\openvrpaths.vrpath
Unable to read VR Path Registry from C:\Users\jtl\AppData\Local\openvr\openvrpaths.vrpath
1618732450867	Marionette	INFO	Listening on port 54759
1618732451026	Marionette	WARN	TLS certificate errors will be ignored for this session
1618732544649	geckodriver	INFO	Listening on 127.0.0.1:54844
1618732547694	mozrunner::runner	INFO	Running command: "C:\\Program Files\\MozillaFirefox\\firefox.exe" "--marionette" "--ignore-certificate-errors" "--incognito" "-foreground" "-no-remote" "-profile" "C:\\Users\\jtl\\AppData\\Local\\Temp\\rust_mozprofile6r57Ws"
1618732558579	geckodriver	INFO	Listening on 127.0.0.1:54872
1618732561653	mozrunner::runner	INFO	Running command: "C:\\Program Files\\MozillaFirefox\\firefox.exe" "--marionette" "--ignore-certificate-errors" "--incognito" "-foreground" "-no-remote" "-profile" "C:\\Users\\jtl\\AppData\\Local\\Temp\\rust_mozprofileHbpO2U"
1618732562217	addons.webextension.screenshots@mozilla.org	WARN	Loading extension 'screenshots@mozilla.org': Reading manifest: Invalid extension permission: mozillaAddons
1618732562217	addons.webextension.screenshots@mozilla.org	WARN	Loading extension 'screenshots@mozilla.org': Reading manifest: Invalid extension permission: telemetry
1618732562217	addons.webextension.screenshots@mozilla.org	WARN	Loading extension 'screenshots@mozilla.org': Reading manifest: Invalid extension permission: resource://pdf.js/
1618732562217	addons.webextension.screenshots@mozilla.org	WARN	Loading extension 'screenshots@mozilla.org': Reading manifest: Invalid extension permission: about:reader*
JavaScript error: undefined, line 14: Error: An unexpected error occurred
JavaScript error: moz-extension://024ed8f2-4187-48c8-8ffd-db298bcf1fc8/lib/picture_in_picture_overrides.js, line 15: Error: Incorrect argument types for pictureInPictureParent.setOverrides.
JavaScript error: resource:///modules/sessionstore/SessionStore.jsm, line 1325: uncaught exception: 2147746065
1618732564063	Marionette	INFO	Listening on port 54881
1618732564320	Marionette	WARN	TLS certificate errors will be ignored for this session
1618733911772	geckodriver	INFO	Listening on 127.0.0.1:55674
1618733914788	mozrunner::runner	INFO	Running command: "C:\\Program Files\\MozillaFirefox\\firefox.exe" "--marionette" "--ignore-certificate-errors" "--incognito" "--headless" "-foreground" "-no-remote" "-profile" "C:\\Users\\jtl\\AppData\\Local\\Temp\\rust_mozprofileEgy28m"
*** You are running in headless mode.
1618733915223	addons.webextension.screenshots@mozilla.org	WARN	Loading extension 'screenshots@mozilla.org': Reading manifest: Invalid extension permission: mozillaAddons
1618733915223	addons.webextension.screenshots@mozilla.org	WARN	Loading extension 'screenshots@mozilla.org': Reading manifest: Invalid extension permission: telemetry
1618733915223	addons.webextension.screenshots@mozilla.org	WARN	Loading extension 'screenshots@mozilla.org': Reading manifest: Invalid extension permission: resource://pdf.js/
1618733915223	addons.webextension.screenshots@mozilla.org	WARN	Loading extension 'screenshots@mozilla.org': Reading manifest: Invalid extension permission: about:reader*
JavaScript error: undefined, line 14: Error: An unexpected error occurred
JavaScript error: moz-extension://c16f7378-98f1-4064-9072-97a980977206/lib/picture_in_picture_overrides.js, line 15: Error: Incorrect argument types for pictureInPictureParent.setOverrides.
JavaScript error: resource:///modules/sessionstore/SessionStore.jsm, line 1325: uncaught exception: 2147746065
1618733916563	Marionette	INFO	Listening on port 55683
1618733916822	Marionette	WARN	TLS certificate errors will be ignored for this session
1618734157030	geckodriver	INFO	Listening on 127.0.0.1:55803
1618734160070	mozrunner::runner	INFO	Running command: "C:\\Program Files\\MozillaFirefox\\firefox.exe" "--marionette" "--ignore-certificate-errors" "--incognito" "--headless" "-foreground" "-no-remote" "-profile" "C:\\Users\\jtl\\AppData\\Local\\Temp\\rust_mozprofilenlutSx"
*** You are running in headless mode.
1618734160483	addons.webextension.screenshots@mozilla.org	WARN	Loading extension 'screenshots@mozilla.org': Reading manifest: Invalid extension permission: mozillaAddons
1618734160483	addons.webextension.screenshots@mozilla.org	WARN	Loading extension 'screenshots@mozilla.org': Reading manifest: Invalid extension permission: telemetry
1618734160483	addons.webextension.screenshots@mozilla.org	WARN	Loading extension 'screenshots@mozilla.org': Reading manifest: Invalid extension permission: resource://pdf.js/
1618734160483	addons.webextension.screenshots@mozilla.org	WARN	Loading extension 'screenshots@mozilla.org': Reading manifest: Invalid extension permission: about:reader*
JavaScript error: undefined, line 14: Error: An unexpected error occurred
JavaScript error: moz-extension://a71d7649-0f4f-47fa-96f9-4b50de2b2791/lib/picture_in_picture_overrides.js, line 15: Error: Incorrect argument types for pictureInPictureParent.setOverrides.
JavaScript error: resource:///modules/sessionstore/SessionStore.jsm, line 1325: uncaught exception: 2147746065
1618734161721	Marionette	INFO	Listening on port 55811
1618734162132	Marionette	WARN	TLS certificate errors will be ignored for this session
1618734186613	geckodriver	INFO	Listening on 127.0.0.1:55858
1618734189660	mozrunner::runner	INFO	Running command: "C:\\Program Files\\MozillaFirefox\\firefox.exe" "--marionette" "--ignore-certificate-errors" "--incognito" "--headless" "-foreground" "-no-remote" "-profile" "C:\\Users\\jtl\\AppData\\Local\\Temp\\rust_mozprofileUQvTzm"
*** You are running in headless mode.
1618734190109	addons.webextension.screenshots@mozilla.org	WARN	Loading extension 'screenshots@mozilla.org': Reading manifest: Invalid extension permission: mozillaAddons
1618734190110	addons.webextension.screenshots@mozilla.org	WARN	Loading extension 'screenshots@mozilla.org': Reading manifest: Invalid extension permission: telemetry
1618734190110	addons.webextension.screenshots@mozilla.org	WARN	Loading extension 'screenshots@mozilla.org': Reading manifest: Invalid extension permission: resource://pdf.js/
1618734190110	addons.webextension.screenshots@mozilla.org	WARN	Loading extension 'screenshots@mozilla.org': Reading manifest: Invalid extension permission: about:reader*
JavaScript error: undefined, line 14: Error: An unexpected error occurred
JavaScript error: moz-extension://b2f33af9-9369-4b5f-af1c-fa5c20c0ef72/lib/picture_in_picture_overrides.js, line 15: Error: Incorrect argument types for pictureInPictureParent.setOverrides.
JavaScript error: resource:///modules/sessionstore/SessionStore.jsm, line 1325: uncaught exception: 2147746065
1618734191518	Marionette	INFO	Listening on port 55866
1618734191707	Marionette	WARN	TLS certificate errors will be ignored for this session
1618734234551	geckodriver	INFO	Listening on 127.0.0.1:55919
1618734237595	mozrunner::runner	INFO	Running command: "C:\\Program Files\\MozillaFirefox\\firefox.exe" "--marionette" "--ignore-certificate-errors" "--incognito" "--headless" "-foreground" "-no-remote" "-profile" "C:\\Users\\jtl\\AppData\\Local\\Temp\\rust_mozprofileoX98zo"
*** You are running in headless mode.
1618734238031	addons.webextension.screenshots@mozilla.org	WARN	Loading extension 'screenshots@mozilla.org': Reading manifest: Invalid extension permission: mozillaAddons
1618734238031	addons.webextension.screenshots@mozilla.org	WARN	Loading extension 'screenshots@mozilla.org': Reading manifest: Invalid extension permission: telemetry
1618734238032	addons.webextension.screenshots@mozilla.org	WARN	Loading extension 'screenshots@mozilla.org': Reading manifest: Invalid extension permission: resource://pdf.js/
1618734238032	addons.webextension.screenshots@mozilla.org	WARN	Loading extension 'screenshots@mozilla.org': Reading manifest: Invalid extension permission: about:reader*
JavaScript error: undefined, line 14: Error: An unexpected error occurred
JavaScript error: moz-extension://dc0cc856-019b-4b44-87b0-9cbb8102cbd3/lib/picture_in_picture_overrides.js, line 15: Error: Incorrect argument types for pictureInPictureParent.setOverrides.
JavaScript error: resource:///modules/sessionstore/SessionStore.jsm, line 1325: uncaught exception: 2147746065
1618734239466	Marionette	INFO	Listening on port 55929
1618734239636	Marionette	WARN	TLS certificate errors will be ignored for this session
1618734261749	geckodriver	INFO	Listening on 127.0.0.1:55980
1618734264816	mozrunner::runner	INFO	Running command: "C:\\Program Files\\MozillaFirefox\\firefox.exe" "--marionette" "--ignore-certificate-errors" "--incognito" "--headless" "-foreground" "-no-remote" "-profile" "C:\\Users\\jtl\\AppData\\Local\\Temp\\rust_mozprofileDGXlPl"
*** You are running in headless mode.
1618734265241	addons.webextension.screenshots@mozilla.org	WARN	Loading extension 'screenshots@mozilla.org': Reading manifest: Invalid extension permission: mozillaAddons
1618734265241	addons.webextension.screenshots@mozilla.org	WARN	Loading extension 'screenshots@mozilla.org': Reading manifest: Invalid extension permission: telemetry
1618734265242	addons.webextension.screenshots@mozilla.org	WARN	Loading extension 'screenshots@mozilla.org': Reading manifest: Invalid extension permission: resource://pdf.js/
1618734265242	addons.webextension.screenshots@mozilla.org	WARN	Loading extension 'screenshots@mozilla.org': Reading manifest: Invalid extension permission: about:reader*
JavaScript error: undefined, line 14: Error: An unexpected error occurred
JavaScript error: moz-extension://aa908c7c-1fd3-492d-b912-c3be93fde797/lib/picture_in_picture_overrides.js, line 15: Error: Incorrect argument types for pictureInPictureParent.setOverrides.
JavaScript error: resource:///modules/sessionstore/SessionStore.jsm, line 1325: uncaught exception: 2147746065
1618734266778	Marionette	INFO	Listening on port 55988
1618734266848	Marionette	WARN	TLS certificate errors will be ignored for this session
1618734287909	geckodriver	INFO	Listening on 127.0.0.1:56041
1618734290955	mozrunner::runner	INFO	Running command: "C:\\Program Files\\MozillaFirefox\\firefox.exe" "--marionette" "--ignore-certificate-errors" "--incognito" "--headless" "-foreground" "-no-remote" "-profile" "C:\\Users\\jtl\\AppData\\Local\\Temp\\rust_mozprofileizXlKo"
*** You are running in headless mode.
1618734291404	addons.webextension.screenshots@mozilla.org	WARN	Loading extension 'screenshots@mozilla.org': Reading manifest: Invalid extension permission: mozillaAddons
1618734291405	addons.webextension.screenshots@mozilla.org	WARN	Loading extension 'screenshots@mozilla.org': Reading manifest: Invalid extension permission: telemetry
1618734291405	addons.webextension.screenshots@mozilla.org	WARN	Loading extension 'screenshots@mozilla.org': Reading manifest: Invalid extension permission: resource://pdf.js/
1618734291405	addons.webextension.screenshots@mozilla.org	WARN	Loading extension 'screenshots@mozilla.org': Reading manifest: Invalid extension permission: about:reader*
JavaScript error: undefined, line 14: Error: An unexpected error occurred
JavaScript error: moz-extension://a6c589a3-7c1e-42dc-bb89-0e8fad54b40a/lib/picture_in_picture_overrides.js, line 15: Error: Incorrect argument types for pictureInPictureParent.setOverrides.
JavaScript error: resource:///modules/sessionstore/SessionStore.jsm, line 1325: uncaught exception: 2147746065
1618734292827	Marionette	INFO	Listening on port 56049
1618734293008	Marionette	WARN	TLS certificate errors will be ignored for this session
1618735117423	geckodriver	INFO	Listening on 127.0.0.1:56400
1618735120522	mozrunner::runner	INFO	Running command: "C:\\Program Files\\MozillaFirefox\\firefox.exe" "--marionette" "--ignore-certificate-errors" "--incognito" "--headless" "-foreground" "-no-remote" "-profile" "C:\\Users\\jtl\\AppData\\Local\\Temp\\rust_mozprofileBjJFMb"
*** You are running in headless mode.
1618735120967	addons.webextension.screenshots@mozilla.org	WARN	Loading extension 'screenshots@mozilla.org': Reading manifest: Invalid extension permission: mozillaAddons
1618735120967	addons.webextension.screenshots@mozilla.org	WARN	Loading extension 'screenshots@mozilla.org': Reading manifest: Invalid extension permission: telemetry
1618735120967	addons.webextension.screenshots@mozilla.org	WARN	Loading extension 'screenshots@mozilla.org': Reading manifest: Invalid extension permission: resource://pdf.js/
1618735120967	addons.webextension.screenshots@mozilla.org	WARN	Loading extension 'screenshots@mozilla.org': Reading manifest: Invalid extension permission: about:reader*
JavaScript error: undefined, line 14: Error: An unexpected error occurred
JavaScript error: moz-extension://27e0d901-ad9a-4041-9c38-7e438f23f31e/lib/picture_in_picture_overrides.js, line 15: Error: Incorrect argument types for pictureInPictureParent.setOverrides.
JavaScript error: resource:///modules/sessionstore/SessionStore.jsm, line 1325: uncaught exception: 2147746065
1618735122532	Marionette	INFO	Listening on port 56408
1618735122573	Marionette	WARN	TLS certificate errors will be ignored for this session
1618735139163	geckodriver	INFO	Listening on 127.0.0.1:56457
1618735142211	mozrunner::runner	INFO	Running command: "C:\\Program Files\\MozillaFirefox\\firefox.exe" "--marionette" "--ignore-certificate-errors" "--incognito" "--headless" "-foreground" "-no-remote" "-profile" "C:\\Users\\jtl\\AppData\\Local\\Temp\\rust_mozprofilehdhOfE"
*** You are running in headless mode.
1618735142643	addons.webextension.screenshots@mozilla.org	WARN	Loading extension 'screenshots@mozilla.org': Reading manifest: Invalid extension permission: mozillaAddons
1618735142644	addons.webextension.screenshots@mozilla.org	WARN	Loading extension 'screenshots@mozilla.org': Reading manifest: Invalid extension permission: telemetry
1618735142644	addons.webextension.screenshots@mozilla.org	WARN	Loading extension 'screenshots@mozilla.org': Reading manifest: Invalid extension permission: resource://pdf.js/
1618735142644	addons.webextension.screenshots@mozilla.org	WARN	Loading extension 'screenshots@mozilla.org': Reading manifest: Invalid extension permission: about:reader*
JavaScript error: undefined, line 14: Error: An unexpected error occurred
JavaScript error: moz-extension://639fe162-08a1-4f62-bb53-9dda37a65d05/lib/picture_in_picture_overrides.js, line 15: Error: Incorrect argument types for pictureInPictureParent.setOverrides.
JavaScript error: resource:///modules/sessionstore/SessionStore.jsm, line 1325: uncaught exception: 2147746065
1618735143877	Marionette	INFO	Listening on port 56466
1618735144249	Marionette	WARN	TLS certificate errors will be ignored for this session
1618735162515	geckodriver	INFO	Listening on 127.0.0.1:56510
1618735165594	mozrunner::runner	INFO	Running command: "C:\\Program Files\\MozillaFirefox\\firefox.exe" "--marionette" "--ignore-certificate-errors" "--incognito" "--headless" "-foreground" "-no-remote" "-profile" "C:\\Users\\jtl\\AppData\\Local\\Temp\\rust_mozprofileyYXHnc"
*** You are running in headless mode.
1618735166006	addons.webextension.screenshots@mozilla.org	WARN	Loading extension 'screenshots@mozilla.org': Reading manifest: Invalid extension permission: mozillaAddons
1618735166006	addons.webextension.screenshots@mozilla.org	WARN	Loading extension 'screenshots@mozilla.org': Reading manifest: Invalid extension permission: telemetry
1618735166006	addons.webextension.screenshots@mozilla.org	WARN	Loading extension 'screenshots@mozilla.org': Reading manifest: Invalid extension permission: resource://pdf.js/
1618735166006	addons.webextension.screenshots@mozilla.org	WARN	Loading extension 'screenshots@mozilla.org': Reading manifest: Invalid extension permission: about:reader*
JavaScript error: undefined, line 14: Error: An unexpected error occurred
JavaScript error: moz-extension://e87a053a-beff-41d5-ae13-3643ad806a31/lib/picture_in_picture_overrides.js, line 15: Error: Incorrect argument types for pictureInPictureParent.setOverrides.
JavaScript error: resource:///modules/sessionstore/SessionStore.jsm, line 1325: uncaught exception: 2147746065
1618735167219	Marionette	INFO	Listening on port 56520
1618735167638	Marionette	WARN	TLS certificate errors will be ignored for this session
1618735219780	geckodriver	INFO	Listening on 127.0.0.1:56574
1618735222818	mozrunner::runner	INFO	Running command: "C:\\Program Files\\MozillaFirefox\\firefox.exe" "--marionette" "--ignore-certificate-errors" "--incognito" "--headless" "-foreground" "-no-remote" "-profile" "C:\\Users\\jtl\\AppData\\Local\\Temp\\rust_mozprofileMq52Eu"
*** You are running in headless mode.
1618735223260	addons.webextension.screenshots@mozilla.org	WARN	Loading extension 'screenshots@mozilla.org': Reading manifest: Invalid extension permission: mozillaAddons
1618735223260	addons.webextension.screenshots@mozilla.org	WARN	Loading extension 'screenshots@mozilla.org': Reading manifest: Invalid extension permission: telemetry
1618735223260	addons.webextension.screenshots@mozilla.org	WARN	Loading extension 'screenshots@mozilla.org': Reading manifest: Invalid extension permission: resource://pdf.js/
1618735223260	addons.webextension.screenshots@mozilla.org	WARN	Loading extension 'screenshots@mozilla.org': Reading manifest: Invalid extension permission: about:reader*
JavaScript error: undefined, line 14: Error: An unexpected error occurred
JavaScript error: moz-extension://7bc487ec-6605-462e-8d17-637e9ef3bd09/lib/picture_in_picture_overrides.js, line 15: Error: Incorrect argument types for pictureInPictureParent.setOverrides.
JavaScript error: resource:///modules/sessionstore/SessionStore.jsm, line 1325: uncaught exception: 2147746065
1618735224769	Marionette	INFO	Listening on port 56584
1618735224871	Marionette	WARN	TLS certificate errors will be ignored for this session
1618735233782	geckodriver	INFO	Listening on 127.0.0.1:56627
1618735236826	mozrunner::runner	INFO	Running command: "C:\\Program Files\\MozillaFirefox\\firefox.exe" "--marionette" "--ignore-certificate-errors" "--incognito" "--headless" "-foreground" "-no-remote" "-profile" "C:\\Users\\jtl\\AppData\\Local\\Temp\\rust_mozprofileBiyM7I"
*** You are running in headless mode.
1618735237239	addons.webextension.screenshots@mozilla.org	WARN	Loading extension 'screenshots@mozilla.org': Reading manifest: Invalid extension permission: mozillaAddons
1618735237240	addons.webextension.screenshots@mozilla.org	WARN	Loading extension 'screenshots@mozilla.org': Reading manifest: Invalid extension permission: telemetry
1618735237240	addons.webextension.screenshots@mozilla.org	WARN	Loading extension 'screenshots@mozilla.org': Reading manifest: Invalid extension permission: resource://pdf.js/
1618735237240	addons.webextension.screenshots@mozilla.org	WARN	Loading extension 'screenshots@mozilla.org': Reading manifest: Invalid extension permission: about:reader*
JavaScript error: undefined, line 14: Error: An unexpected error occurred
JavaScript error: moz-extension://5f7a5587-aed3-4389-aafb-1fa6634c021b/lib/picture_in_picture_overrides.js, line 15: Error: Incorrect argument types for pictureInPictureParent.setOverrides.
JavaScript error: resource:///modules/sessionstore/SessionStore.jsm, line 1325: uncaught exception: 2147746065
1618735238501	Marionette	INFO	Listening on port 56636
1618735238869	Marionette	WARN	TLS certificate errors will be ignored for this session
1618735282297	geckodriver	INFO	Listening on 127.0.0.1:56686
1618735285351	mozrunner::runner	INFO	Running command: "C:\\Program Files\\MozillaFirefox\\firefox.exe" "--marionette" "--ignore-certificate-errors" "--incognito" "--headless" "-foreground" "-no-remote" "-profile" "C:\\Users\\jtl\\AppData\\Local\\Temp\\rust_mozprofileEU4lFC"
*** You are running in headless mode.
1618735285771	addons.webextension.screenshots@mozilla.org	WARN	Loading extension 'screenshots@mozilla.org': Reading manifest: Invalid extension permission: mozillaAddons
1618735285771	addons.webextension.screenshots@mozilla.org	WARN	Loading extension 'screenshots@mozilla.org': Reading manifest: Invalid extension permission: telemetry
1618735285771	addons.webextension.screenshots@mozilla.org	WARN	Loading extension 'screenshots@mozilla.org': Reading manifest: Invalid extension permission: resource://pdf.js/
1618735285771	addons.webextension.screenshots@mozilla.org	WARN	Loading extension 'screenshots@mozilla.org': Reading manifest: Invalid extension permission: about:reader*
JavaScript error: undefined, line 14: Error: An unexpected error occurred
JavaScript error: moz-extension://8cde60de-f86b-42a0-bc96-d632e0adf78c/lib/picture_in_picture_overrides.js, line 15: Error: Incorrect argument types for pictureInPictureParent.setOverrides.
JavaScript error: resource:///modules/sessionstore/SessionStore.jsm, line 1325: uncaught exception: 2147746065
1618735286995	Marionette	INFO	Listening on port 56703
1618735287408	Marionette	WARN	TLS certificate errors will be ignored for this session
1618735299493	geckodriver	INFO	Listening on 127.0.0.1:56740
1618735302565	mozrunner::runner	INFO	Running command: "C:\\Program Files\\MozillaFirefox\\firefox.exe" "--marionette" "--ignore-certificate-errors" "--incognito" "--headless" "-foreground" "-no-remote" "-profile" "C:\\Users\\jtl\\AppData\\Local\\Temp\\rust_mozprofileKVWWUJ"
*** You are running in headless mode.
1618735303008	addons.webextension.screenshots@mozilla.org	WARN	Loading extension 'screenshots@mozilla.org': Reading manifest: Invalid extension permission: mozillaAddons
1618735303008	addons.webextension.screenshots@mozilla.org	WARN	Loading extension 'screenshots@mozilla.org': Reading manifest: Invalid extension permission: telemetry
1618735303009	addons.webextension.screenshots@mozilla.org	WARN	Loading extension 'screenshots@mozilla.org': Reading manifest: Invalid extension permission: resource://pdf.js/
1618735303009	addons.webextension.screenshots@mozilla.org	WARN	Loading extension 'screenshots@mozilla.org': Reading manifest: Invalid extension permission: about:reader*
JavaScript error: undefined, line 14: Error: An unexpected error occurred
JavaScript error: moz-extension://7ac04083-f785-4d75-afdf-5e0eadc8a85b/lib/picture_in_picture_overrides.js, line 15: Error: Incorrect argument types for pictureInPictureParent.setOverrides.
JavaScript error: resource:///modules/sessionstore/SessionStore.jsm, line 1325: uncaught exception: 2147746065
1618735304242	Marionette	INFO	Listening on port 56748
1618735304603	Marionette	WARN	TLS certificate errors will be ignored for this session
1618735333432	geckodriver	INFO	Listening on 127.0.0.1:56797
1618735336503	mozrunner::runner	INFO	Running command: "C:\\Program Files\\MozillaFirefox\\firefox.exe" "--marionette" "--ignore-certificate-errors" "--incognito" "--headless" "-foreground" "-no-remote" "-profile" "C:\\Users\\jtl\\AppData\\Local\\Temp\\rust_mozprofilewj03kV"
*** You are running in headless mode.
1618735336942	addons.webextension.screenshots@mozilla.org	WARN	Loading extension 'screenshots@mozilla.org': Reading manifest: Invalid extension permission: mozillaAddons
1618735336942	addons.webextension.screenshots@mozilla.org	WARN	Loading extension 'screenshots@mozilla.org': Reading manifest: Invalid extension permission: telemetry
1618735336943	addons.webextension.screenshots@mozilla.org	WARN	Loading extension 'screenshots@mozilla.org': Reading manifest: Invalid extension permission: resource://pdf.js/
1618735336943	addons.webextension.screenshots@mozilla.org	WARN	Loading extension 'screenshots@mozilla.org': Reading manifest: Invalid extension permission: about:reader*
JavaScript error: undefined, line 14: Error: An unexpected error occurred
JavaScript error: moz-extension://a2d5bedc-6754-44aa-be7a-5e97d4bd0a91/lib/picture_in_picture_overrides.js, line 15: Error: Incorrect argument types for pictureInPictureParent.setOverrides.
JavaScript error: resource:///modules/sessionstore/SessionStore.jsm, line 1325: uncaught exception: 2147746065
1618735338181	Marionette	INFO	Listening on port 56806
1618735338536	Marionette	WARN	TLS certificate errors will be ignored for this session
1618735834924	geckodriver	INFO	Listening on 127.0.0.1:57071
1618735837982	mozrunner::runner	INFO	Running command: "C:\\Program Files\\MozillaFirefox\\firefox.exe" "--marionette" "--ignore-certificate-errors" "--incognito" "--headless" "-foreground" "-no-remote" "-profile" "C:\\Users\\jtl\\AppData\\Local\\Temp\\rust_mozprofileyDxfUZ"
*** You are running in headless mode.
1618735838412	addons.webextension.screenshots@mozilla.org	WARN	Loading extension 'screenshots@mozilla.org': Reading manifest: Invalid extension permission: mozillaAddons
1618735838413	addons.webextension.screenshots@mozilla.org	WARN	Loading extension 'screenshots@mozilla.org': Reading manifest: Invalid extension permission: telemetry
1618735838413	addons.webextension.screenshots@mozilla.org	WARN	Loading extension 'screenshots@mozilla.org': Reading manifest: Invalid extension permission: resource://pdf.js/
1618735838413	addons.webextension.screenshots@mozilla.org	WARN	Loading extension 'screenshots@mozilla.org': Reading manifest: Invalid extension permission: about:reader*
JavaScript error: undefined, line 14: Error: An unexpected error occurred
JavaScript error: moz-extension://752a49e5-662a-44b4-9d83-19cd42e60e00/lib/picture_in_picture_overrides.js, line 15: Error: Incorrect argument types for pictureInPictureParent.setOverrides.
JavaScript error: resource:///modules/sessionstore/SessionStore.jsm, line 1325: uncaught exception: 2147746065
1618735840110	Marionette	INFO	Listening on port 57079
1618735840629	Marionette	WARN	TLS certificate errors will be ignored for this session
1618735841332	Marionette	INFO	Stopped listening on port 57079
[Child 6692, Chrome_ChildThread] WARNING: pipe error: 109: file z:/task_1597676902/build/src/ipc/chromium/src/chrome/common/ipc_channel_win.cc, line 348
[Child 6692[Parent 11552, Gecko_IOThread] WARNING: pipe error: 109: file z:/task_1597676902/build/src/ipc/chromium/src/chrome/common/ipc_channel_win.cc, line 348
1618735931614	geckodriver	INFO	Listening on 127.0.0.1:57143
1618735934640	mozrunner::runner	INFO	Running command: "C:\\Program Files\\MozillaFirefox\\firefox.exe" "--marionette" "--ignore-certificate-errors" "--incognito" "--headless" "-foreground" "-no-remote" "-profile" "C:\\Users\\jtl\\AppData\\Local\\Temp\\rust_mozprofileHrRoGd"
*** You are running in headless mode.
1618735935099	addons.webextension.screenshots@mozilla.org	WARN	Loading extension 'screenshots@mozilla.org': Reading manifest: Invalid extension permission: mozillaAddons
1618735935100	addons.webextension.screenshots@mozilla.org	WARN	Loading extension 'screenshots@mozilla.org': Reading manifest: Invalid extension permission: telemetry
1618735935100	addons.webextension.screenshots@mozilla.org	WARN	Loading extension 'screenshots@mozilla.org': Reading manifest: Invalid extension permission: resource://pdf.js/
1618735935100	addons.webextension.screenshots@mozilla.org	WARN	Loading extension 'screenshots@mozilla.org': Reading manifest: Invalid extension permission: about:reader*
JavaScript error: undefined, line 14: Error: An unexpected error occurred
JavaScript error: moz-extension://484864d3-2968-4adc-ad2d-2f15b969dc98/lib/picture_in_picture_overrides.js, line 15: Error: Incorrect argument types for pictureInPictureParent.setOverrides.
JavaScript error: resource:///modules/sessionstore/SessionStore.jsm, line 1325: uncaught exception: 2147746065
1618735936381	Marionette	INFO	Listening on port 57151
1618735936687	Marionette	WARN	TLS certificate errors will be ignored for this session
1618735943049	geckodriver	INFO	Listening on 127.0.0.1:57190
1618735946080	mozrunner::runner	INFO	Running command: "C:\\Program Files\\MozillaFirefox\\firefox.exe" "--marionette" "--ignore-certificate-errors" "--incognito" "--headless" "-foreground" "-no-remote" "-profile" "C:\\Users\\jtl\\AppData\\Local\\Temp\\rust_mozprofiler3Pvag"
*** You are running in headless mode.
1618735946537	addons.webextension.screenshots@mozilla.org	WARN	Loading extension 'screenshots@mozilla.org': Reading manifest: Invalid extension permission: mozillaAddons
1618735946537	addons.webextension.screenshots@mozilla.org	WARN	Loading extension 'screenshots@mozilla.org': Reading manifest: Invalid extension permission: telemetry
1618735946537	addons.webextension.screenshots@mozilla.org	WARN	Loading extension 'screenshots@mozilla.org': Reading manifest: Invalid extension permission: resource://pdf.js/
1618735946537	addons.webextension.screenshots@mozilla.org	WARN	Loading extension 'screenshots@mozilla.org': Reading manifest: Invalid extension permission: about:reader*
JavaScript error: undefined, line 14: Error: An unexpected error occurred
JavaScript error: moz-extension://56524b0e-7386-40be-9789-6c91f2c17850/lib/picture_in_picture_overrides.js, line 15: Error: Incorrect argument types for pictureInPictureParent.setOverrides.
JavaScript error: resource:///modules/sessionstore/SessionStore.jsm, line 1325: uncaught exception: 2147746065
1618735948004	Marionette	INFO	Listening on port 57200
1618735948114	Marionette	WARN	TLS certificate errors will be ignored for this session
1618735960537	geckodriver	INFO	Listening on 127.0.0.1:57243
1618735963607	mozrunner::runner	INFO	Running command: "C:\\Program Files\\MozillaFirefox\\firefox.exe" "--marionette" "--ignore-certificate-errors" "--incognito" "--headless" "-foreground" "-no-remote" "-profile" "C:\\Users\\jtl\\AppData\\Local\\Temp\\rust_mozprofileGWhoxX"
*** You are running in headless mode.
1618735964027	addons.webextension.screenshots@mozilla.org	WARN	Loading extension 'screenshots@mozilla.org': Reading manifest: Invalid extension permission: mozillaAddons
1618735964028	addons.webextension.screenshots@mozilla.org	WARN	Loading extension 'screenshots@mozilla.org': Reading manifest: Invalid extension permission: telemetry
1618735964028	addons.webextension.screenshots@mozilla.org	WARN	Loading extension 'screenshots@mozilla.org': Reading manifest: Invalid extension permission: resource://pdf.js/
1618735964028	addons.webextension.screenshots@mozilla.org	WARN	Loading extension 'screenshots@mozilla.org': Reading manifest: Invalid extension permission: about:reader*
JavaScript error: undefined, line 14: Error: An unexpected error occurred
JavaScript error: moz-extension://b6741c4c-86db-489c-b619-65cd798877aa/lib/picture_in_picture_overrides.js, line 15: Error: Incorrect argument types for pictureInPictureParent.setOverrides.
JavaScript error: resource:///modules/sessionstore/SessionStore.jsm, line 1325: uncaught exception: 2147746065
1618735965261	Marionette	INFO	Listening on port 57251
1618735965639	Marionette	WARN	TLS certificate errors will be ignored for this session
1618735975932	geckodriver	INFO	Listening on 127.0.0.1:57291
1618735979020	mozrunner::runner	INFO	Running command: "C:\\Program Files\\MozillaFirefox\\firefox.exe" "--marionette" "--ignore-certificate-errors" "--incognito" "--headless" "-foreground" "-no-remote" "-profile" "C:\\Users\\jtl\\AppData\\Local\\Temp\\rust_mozprofilemisi2q"
*** You are running in headless mode.
1618735979444	addons.webextension.screenshots@mozilla.org	WARN	Loading extension 'screenshots@mozilla.org': Reading manifest: Invalid extension permission: mozillaAddons
1618735979444	addons.webextension.screenshots@mozilla.org	WARN	Loading extension 'screenshots@mozilla.org': Reading manifest: Invalid extension permission: telemetry
1618735979444	addons.webextension.screenshots@mozilla.org	WARN	Loading extension 'screenshots@mozilla.org': Reading manifest: Invalid extension permission: resource://pdf.js/
1618735979444	addons.webextension.screenshots@mozilla.org	WARN	Loading extension 'screenshots@mozilla.org': Reading manifest: Invalid extension permission: about:reader*
JavaScript error: undefined, line 14: Error: An unexpected error occurred
JavaScript error: moz-extension://d7ef68d0-63e4-4ef1-b509-ac9cae6b3409/lib/picture_in_picture_overrides.js, line 15: Error: Incorrect argument types for pictureInPictureParent.setOverrides.
JavaScript error: resource:///modules/sessionstore/SessionStore.jsm, line 1325: uncaught exception: 2147746065
1618735980704	Marionette	INFO	Listening on port 57301
1618735981061	Marionette	WARN	TLS certificate errors will be ignored for this session
1618736109628	geckodriver	INFO	Listening on 127.0.0.1:57433
1618736112693	mozrunner::runner	INFO	Running command: "C:\\Program Files\\MozillaFirefox\\firefox.exe" "--marionette" "--ignore-certificate-errors" "--incognito" "--headless" "-foreground" "-no-remote" "-profile" "C:\\Users\\jtl\\AppData\\Local\\Temp\\rust_mozprofiletp5KiA"
*** You are running in headless mode.
1618736113130	addons.webextension.screenshots@mozilla.org	WARN	Loading extension 'screenshots@mozilla.org': Reading manifest: Invalid extension permission: mozillaAddons
1618736113130	addons.webextension.screenshots@mozilla.org	WARN	Loading extension 'screenshots@mozilla.org': Reading manifest: Invalid extension permission: telemetry
1618736113130	addons.webextension.screenshots@mozilla.org	WARN	Loading extension 'screenshots@mozilla.org': Reading manifest: Invalid extension permission: resource://pdf.js/
1618736113130	addons.webextension.screenshots@mozilla.org	WARN	Loading extension 'screenshots@mozilla.org': Reading manifest: Invalid extension permission: about:reader*
JavaScript error: undefined, line 14: Error: An unexpected error occurred
JavaScript error: moz-extension://29112a35-7f17-45fb-b532-9d584167fa5e/lib/picture_in_picture_overrides.js, line 15: Error: Incorrect argument types for pictureInPictureParent.setOverrides.
JavaScript error: resource:///modules/sessionstore/SessionStore.jsm, line 1325: uncaught exception: 2147746065
1618736114559	Marionette	INFO	Listening on port 57442
1618736114716	Marionette	WARN	TLS certificate errors will be ignored for this session
1618736130283	geckodriver	INFO	Listening on 127.0.0.1:57492
1618736133342	mozrunner::runner	INFO	Running command: "C:\\Program Files\\MozillaFirefox\\firefox.exe" "--marionette" "--ignore-certificate-errors" "--incognito" "--headless" "-foreground" "-no-remote" "-profile" "C:\\Users\\jtl\\AppData\\Local\\Temp\\rust_mozprofileU65SC3"
*** You are running in headless mode.
1618736133776	addons.webextension.screenshots@mozilla.org	WARN	Loading extension 'screenshots@mozilla.org': Reading manifest: Invalid extension permission: mozillaAddons
1618736133777	addons.webextension.screenshots@mozilla.org	WARN	Loading extension 'screenshots@mozilla.org': Reading manifest: Invalid extension permission: telemetry
1618736133777	addons.webextension.screenshots@mozilla.org	WARN	Loading extension 'screenshots@mozilla.org': Reading manifest: Invalid extension permission: resource://pdf.js/
1618736133777	addons.webextension.screenshots@mozilla.org	WARN	Loading extension 'screenshots@mozilla.org': Reading manifest: Invalid extension permission: about:reader*
JavaScript error: undefined, line 14: Error: An unexpected error occurred
JavaScript error: moz-extension://7533071b-bc51-40ec-8cff-b9e99822ad22/lib/picture_in_picture_overrides.js, line 15: Error: Incorrect argument types for pictureInPictureParent.setOverrides.
JavaScript error: resource:///modules/sessionstore/SessionStore.jsm, line 1325: uncaught exception: 2147746065
1618736135161	Marionette	INFO	Listening on port 57500
1618736135383	Marionette	WARN	TLS certificate errors will be ignored for this session
1618736265417	geckodriver	INFO	Listening on 127.0.0.1:57582
1618736268461	mozrunner::runner	INFO	Running command: "C:\\Program Files\\MozillaFirefox\\firefox.exe" "--marionette" "--ignore-certificate-errors" "--incognito" "--headless" "-foreground" "-no-remote" "-profile" "C:\\Users\\jtl\\AppData\\Local\\Temp\\rust_mozprofilepUSXmI"
*** You are running in headless mode.
1618736268903	addons.webextension.screenshots@mozilla.org	WARN	Loading extension 'screenshots@mozilla.org': Reading manifest: Invalid extension permission: mozillaAddons
1618736268903	addons.webextension.screenshots@mozilla.org	WARN	Loading extension 'screenshots@mozilla.org': Reading manifest: Invalid extension permission: telemetry
1618736268903	addons.webextension.screenshots@mozilla.org	WARN	Loading extension 'screenshots@mozilla.org': Reading manifest: Invalid extension permission: resource://pdf.js/
1618736268903	addons.webextension.screenshots@mozilla.org	WARN	Loading extension 'screenshots@mozilla.org': Reading manifest: Invalid extension permission: about:reader*
JavaScript error: undefined, line 14: Error: An unexpected error occurred
JavaScript error: moz-extension://6b01afb7-d4a1-445c-a1aa-eebbbd424cdf/lib/picture_in_picture_overrides.js, line 15: Error: Incorrect argument types for pictureInPictureParent.setOverrides.
JavaScript error: resource:///modules/sessionstore/SessionStore.jsm, line 1325: uncaught exception: 2147746065
1618736270297	Marionette	INFO	Listening on port 57590
1618736270520	Marionette	WARN	TLS certificate errors will be ignored for this session
1618736416986	geckodriver	INFO	Listening on 127.0.0.1:57675
1618736420049	mozrunner::runner	INFO	Running command: "C:\\Program Files\\MozillaFirefox\\firefox.exe" "--marionette" "--ignore-certificate-errors" "--incognito" "--headless" "-foreground" "-no-remote" "-profile" "C:\\Users\\jtl\\AppData\\Local\\Temp\\rust_mozprofileKMOgqh"
*** You are running in headless mode.
1618736420472	addons.webextension.screenshots@mozilla.org	WARN	Loading extension 'screenshots@mozilla.org': Reading manifest: Invalid extension permission: mozillaAddons
1618736420472	addons.webextension.screenshots@mozilla.org	WARN	Loading extension 'screenshots@mozilla.org': Reading manifest: Invalid extension permission: telemetry
1618736420472	addons.webextension.screenshots@mozilla.org	WARN	Loading extension 'screenshots@mozilla.org': Reading manifest: Invalid extension permission: resource://pdf.js/
1618736420472	addons.webextension.screenshots@mozilla.org	WARN	Loading extension 'screenshots@mozilla.org': Reading manifest: Invalid extension permission: about:reader*
JavaScript error: undefined, line 14: Error: An unexpected error occurred
JavaScript error: moz-extension://57eda323-4e16-47ad-9ff2-0269f07946f6/lib/picture_in_picture_overrides.js, line 15: Error: Incorrect argument types for pictureInPictureParent.setOverrides.
JavaScript error: resource:///modules/sessionstore/SessionStore.jsm, line 1325: uncaught exception: 2147746065
1618736421675	Marionette	INFO	Listening on port 57684
1618736422090	Marionette	WARN	TLS certificate errors will be ignored for this session
1618736437465	geckodriver	INFO	Listening on 127.0.0.1:57730
1618736440543	mozrunner::runner	INFO	Running command: "C:\\Program Files\\MozillaFirefox\\firefox.exe" "--marionette" "--ignore-certificate-errors" "--incognito" "--headless" "-foreground" "-no-remote" "-profile" "C:\\Users\\jtl\\AppData\\Local\\Temp\\rust_mozprofilesPC71a"
*** You are running in headless mode.
1618736440974	addons.webextension.screenshots@mozilla.org	WARN	Loading extension 'screenshots@mozilla.org': Reading manifest: Invalid extension permission: mozillaAddons
1618736440974	addons.webextension.screenshots@mozilla.org	WARN	Loading extension 'screenshots@mozilla.org': Reading manifest: Invalid extension permission: telemetry
1618736440974	addons.webextension.screenshots@mozilla.org	WARN	Loading extension 'screenshots@mozilla.org': Reading manifest: Invalid extension permission: resource://pdf.js/
1618736440974	addons.webextension.screenshots@mozilla.org	WARN	Loading extension 'screenshots@mozilla.org': Reading manifest: Invalid extension permission: about:reader*
JavaScript error: undefined, line 14: Error: An unexpected error occurred
JavaScript error: moz-extension://4565261a-d426-4d27-b934-accd9bfd9c27/lib/picture_in_picture_overrides.js, line 15: Error: Incorrect argument types for pictureInPictureParent.setOverrides.
JavaScript error: resource:///modules/sessionstore/SessionStore.jsm, line 1325: uncaught exception: 2147746065
1618736442328	Marionette	INFO	Listening on port 57740
1618736442583	Marionette	WARN	TLS certificate errors will be ignored for this session
1618736450543	geckodriver	INFO	Listening on 127.0.0.1:57782
1618736453645	mozrunner::runner	INFO	Running command: "C:\\Program Files\\MozillaFirefox\\firefox.exe" "--marionette" "--ignore-certificate-errors" "--incognito" "--headless" "-foreground" "-no-remote" "-profile" "C:\\Users\\jtl\\AppData\\Local\\Temp\\rust_mozprofileYdzMHH"
*** You are running in headless mode.
1618736454060	addons.webextension.screenshots@mozilla.org	WARN	Loading extension 'screenshots@mozilla.org': Reading manifest: Invalid extension permission: mozillaAddons
1618736454060	addons.webextension.screenshots@mozilla.org	WARN	Loading extension 'screenshots@mozilla.org': Reading manifest: Invalid extension permission: telemetry
1618736454060	addons.webextension.screenshots@mozilla.org	WARN	Loading extension 'screenshots@mozilla.org': Reading manifest: Invalid extension permission: resource://pdf.js/
1618736454060	addons.webextension.screenshots@mozilla.org	WARN	Loading extension 'screenshots@mozilla.org': Reading manifest: Invalid extension permission: about:reader*
JavaScript error: undefined, line 14: Error: An unexpected error occurred
JavaScript error: moz-extension://7d0301bf-5bb7-4899-925b-f622a7e867f9/lib/picture_in_picture_overrides.js, line 15: Error: Incorrect argument types for pictureInPictureParent.setOverrides.
JavaScript error: resource:///modules/sessionstore/SessionStore.jsm, line 1325: uncaught exception: 2147746065
1618736455316	Marionette	INFO	Listening on port 57792
1618736455660	Marionette	WARN	TLS certificate errors will be ignored for this session
1618736493255	geckodriver	INFO	Listening on 127.0.0.1:57841
1618736496301	mozrunner::runner	INFO	Running command: "C:\\Program Files\\MozillaFirefox\\firefox.exe" "--marionette" "--ignore-certificate-errors" "--incognito" "--headless" "-foreground" "-no-remote" "-profile" "C:\\Users\\jtl\\AppData\\Local\\Temp\\rust_mozprofile7mxNxv"
*** You are running in headless mode.
1618736496718	addons.webextension.screenshots@mozilla.org	WARN	Loading extension 'screenshots@mozilla.org': Reading manifest: Invalid extension permission: mozillaAddons
1618736496718	addons.webextension.screenshots@mozilla.org	WARN	Loading extension 'screenshots@mozilla.org': Reading manifest: Invalid extension permission: telemetry
1618736496718	addons.webextension.screenshots@mozilla.org	WARN	Loading extension 'screenshots@mozilla.org': Reading manifest: Invalid extension permission: resource://pdf.js/
1618736496718	addons.webextension.screenshots@mozilla.org	WARN	Loading extension 'screenshots@mozilla.org': Reading manifest: Invalid extension permission: about:reader*
JavaScript error: undefined, line 14: Error: An unexpected error occurred
JavaScript error: moz-extension://1473429b-0082-4898-9928-9e6776e2f41b/lib/picture_in_picture_overrides.js, line 15: Error: Incorrect argument types for pictureInPictureParent.setOverrides.
JavaScript error: resource:///modules/sessionstore/SessionStore.jsm, line 1325: uncaught exception: 2147746065
1618736497968	Marionette	INFO	Listening on port 57849
1618736498334	Marionette	WARN	TLS certificate errors will be ignored for this session
1618736553489	geckodriver	INFO	Listening on 127.0.0.1:57924
1618736556519	mozrunner::runner	INFO	Running command: "C:\\Program Files\\MozillaFirefox\\firefox.exe" "--marionette" "--ignore-certificate-errors" "--incognito" "--headless" "-foreground" "-no-remote" "-profile" "C:\\Users\\jtl\\AppData\\Local\\Temp\\rust_mozprofile72evy6"
*** You are running in headless mode.
1618736556934	addons.webextension.screenshots@mozilla.org	WARN	Loading extension 'screenshots@mozilla.org': Reading manifest: Invalid extension permission: mozillaAddons
1618736556934	addons.webextension.screenshots@mozilla.org	WARN	Loading extension 'screenshots@mozilla.org': Reading manifest: Invalid extension permission: telemetry
1618736556935	addons.webextension.screenshots@mozilla.org	WARN	Loading extension 'screenshots@mozilla.org': Reading manifest: Invalid extension permission: resource://pdf.js/
1618736556935	addons.webextension.screenshots@mozilla.org	WARN	Loading extension 'screenshots@mozilla.org': Reading manifest: Invalid extension permission: about:reader*
JavaScript error: undefined, line 14: Error: An unexpected error occurred
JavaScript error: moz-extension://b64e2842-6a86-42f1-bca9-30fad4d88092/lib/picture_in_picture_overrides.js, line 15: Error: Incorrect argument types for pictureInPictureParent.setOverrides.
JavaScript error: resource:///modules/sessionstore/SessionStore.jsm, line 1325: uncaught exception: 2147746065
1618736558171	Marionette	INFO	Listening on port 57932
1618736558538	Marionette	WARN	TLS certificate errors will be ignored for this session
1618736652045	geckodriver	INFO	Listening on 127.0.0.1:58005
1618736655082	mozrunner::runner	INFO	Running command: "C:\\Program Files\\MozillaFirefox\\firefox.exe" "--marionette" "--ignore-certificate-errors" "--incognito" "--headless" "-foreground" "-no-remote" "-profile" "C:\\Users\\jtl\\AppData\\Local\\Temp\\rust_mozprofileMoxg3U"
*** You are running in headless mode.
1618736655508	addons.webextension.screenshots@mozilla.org	WARN	Loading extension 'screenshots@mozilla.org': Reading manifest: Invalid extension permission: mozillaAddons
1618736655508	addons.webextension.screenshots@mozilla.org	WARN	Loading extension 'screenshots@mozilla.org': Reading manifest: Invalid extension permission: telemetry
1618736655508	addons.webextension.screenshots@mozilla.org	WARN	Loading extension 'screenshots@mozilla.org': Reading manifest: Invalid extension permission: resource://pdf.js/
1618736655508	addons.webextension.screenshots@mozilla.org	WARN	Loading extension 'screenshots@mozilla.org': Reading manifest: Invalid extension permission: about:reader*
JavaScript error: undefined, line 14: Error: An unexpected error occurred
JavaScript error: moz-extension://c1bbe2f7-d106-45d8-b500-a84756bbfbaa/lib/picture_in_picture_overrides.js, line 15: Error: Incorrect argument types for pictureInPictureParent.setOverrides.
JavaScript error: resource:///modules/sessionstore/SessionStore.jsm, line 1325: uncaught exception: 2147746065
1618736656803	Marionette	INFO	Listening on port 58016
1618736657112	Marionette	WARN	TLS certificate errors will be ignored for this session
1618736664361	geckodriver	INFO	Listening on 127.0.0.1:58058
1618736667419	mozrunner::runner	INFO	Running command: "C:\\Program Files\\MozillaFirefox\\firefox.exe" "--marionette" "--ignore-certificate-errors" "--incognito" "--headless" "-foreground" "-no-remote" "-profile" "C:\\Users\\jtl\\AppData\\Local\\Temp\\rust_mozprofileCzSqab"
*** You are running in headless mode.
1618736667875	addons.webextension.screenshots@mozilla.org	WARN	Loading extension 'screenshots@mozilla.org': Reading manifest: Invalid extension permission: mozillaAddons
1618736667875	addons.webextension.screenshots@mozilla.org	WARN	Loading extension 'screenshots@mozilla.org': Reading manifest: Invalid extension permission: telemetry
1618736667875	addons.webextension.screenshots@mozilla.org	WARN	Loading extension 'screenshots@mozilla.org': Reading manifest: Invalid extension permission: resource://pdf.js/
1618736667875	addons.webextension.screenshots@mozilla.org	WARN	Loading extension 'screenshots@mozilla.org': Reading manifest: Invalid extension permission: about:reader*
JavaScript error: undefined, line 14: Error: An unexpected error occurred
JavaScript error: moz-extension://5697dddc-b72f-4261-929c-6ad6274e5ba0/lib/picture_in_picture_overrides.js, line 15: Error: Incorrect argument types for pictureInPictureParent.setOverrides.
JavaScript error: resource:///modules/sessionstore/SessionStore.jsm, line 1325: uncaught exception: 2147746065
1618736669360	Marionette	INFO	Listening on port 58066
1618736669447	Marionette	WARN	TLS certificate errors will be ignored for this session
1618736731825	geckodriver	INFO	Listening on 127.0.0.1:58162
1618736734871	mozrunner::runner	INFO	Running command: "C:\\Program Files\\MozillaFirefox\\firefox.exe" "--marionette" "--ignore-certificate-errors" "--incognito" "--headless" "-foreground" "-no-remote" "-profile" "C:\\Users\\jtl\\AppData\\Local\\Temp\\rust_mozprofile2DjWbK"
*** You are running in headless mode.
1618736735341	addons.webextension.screenshots@mozilla.org	WARN	Loading extension 'screenshots@mozilla.org': Reading manifest: Invalid extension permission: mozillaAddons
1618736735341	addons.webextension.screenshots@mozilla.org	WARN	Loading extension 'screenshots@mozilla.org': Reading manifest: Invalid extension permission: telemetry
1618736735341	addons.webextension.screenshots@mozilla.org	WARN	Loading extension 'screenshots@mozilla.org': Reading manifest: Invalid extension permission: resource://pdf.js/
1618736735341	addons.webextension.screenshots@mozilla.org	WARN	Loading extension 'screenshots@mozilla.org': Reading manifest: Invalid extension permission: about:reader*
JavaScript error: undefined, line 14: Error: An unexpected error occurred
JavaScript error: moz-extension://459a6c30-a0de-41b2-86f1-14d402a4fcc4/lib/picture_in_picture_overrides.js, line 15: Error: Incorrect argument types for pictureInPictureParent.setOverrides.
JavaScript error: resource:///modules/sessionstore/SessionStore.jsm, line 1325: uncaught exception: 2147746065
1618736736989	Marionette	INFO	Listening on port 58170
1618736737016	Marionette	WARN	TLS certificate errors will be ignored for this session
1618736749895	geckodriver	INFO	Listening on 127.0.0.1:58221
1618736752935	mozrunner::runner	INFO	Running command: "C:\\Program Files\\MozillaFirefox\\firefox.exe" "--marionette" "--ignore-certificate-errors" "--incognito" "--headless" "-foreground" "-no-remote" "-profile" "C:\\Users\\jtl\\AppData\\Local\\Temp\\rust_mozprofileighsY6"
*** You are running in headless mode.
1618736753364	addons.webextension.screenshots@mozilla.org	WARN	Loading extension 'screenshots@mozilla.org': Reading manifest: Invalid extension permission: mozillaAddons
1618736753364	addons.webextension.screenshots@mozilla.org	WARN	Loading extension 'screenshots@mozilla.org': Reading manifest: Invalid extension permission: telemetry
1618736753364	addons.webextension.screenshots@mozilla.org	WARN	Loading extension 'screenshots@mozilla.org': Reading manifest: Invalid extension permission: resource://pdf.js/
1618736753364	addons.webextension.screenshots@mozilla.org	WARN	Loading extension 'screenshots@mozilla.org': Reading manifest: Invalid extension permission: about:reader*
JavaScript error: undefined, line 14: Error: An unexpected error occurred
JavaScript error: moz-extension://31bd4c38-906a-4a03-8aa0-c27d742129a4/lib/picture_in_picture_overrides.js, line 15: Error: Incorrect argument types for pictureInPictureParent.setOverrides.
JavaScript error: resource:///modules/sessionstore/SessionStore.jsm, line 1325: uncaught exception: 2147746065
1618736754812	Marionette	INFO	Listening on port 58229
1618736754961	Marionette	WARN	TLS certificate errors will be ignored for this session
1618736775962	geckodriver	INFO	Listening on 127.0.0.1:58272
1618736779012	mozrunner::runner	INFO	Running command: "C:\\Program Files\\MozillaFirefox\\firefox.exe" "--marionette" "--ignore-certificate-errors" "--incognito" "--headless" "-foreground" "-no-remote" "-profile" "C:\\Users\\jtl\\AppData\\Local\\Temp\\rust_mozprofilefD7pQw"
*** You are running in headless mode.
1618736779574	addons.webextension.screenshots@mozilla.org	WARN	Loading extension 'screenshots@mozilla.org': Reading manifest: Invalid extension permission: mozillaAddons
1618736779574	addons.webextension.screenshots@mozilla.org	WARN	Loading extension 'screenshots@mozilla.org': Reading manifest: Invalid extension permission: telemetry
1618736779574	addons.webextension.screenshots@mozilla.org	WARN	Loading extension 'screenshots@mozilla.org': Reading manifest: Invalid extension permission: resource://pdf.js/
1618736779574	addons.webextension.screenshots@mozilla.org	WARN	Loading extension 'screenshots@mozilla.org': Reading manifest: Invalid extension permission: about:reader*
JavaScript error: undefined, line 14: Error: An unexpected error occurred
JavaScript error: moz-extension://7fe45bb3-ea29-45cf-9978-f4dd46531dc9/lib/picture_in_picture_overrides.js, line 15: Error: Incorrect argument types for pictureInPictureParent.setOverrides.
JavaScript error: resource:///modules/sessionstore/SessionStore.jsm, line 1325: uncaught exception: 2147746065
1618736781216	Marionette	INFO	Listening on port 58282
1618736781665	Marionette	WARN	TLS certificate errors will be ignored for this session
1618736808082	geckodriver	INFO	Listening on 127.0.0.1:58332
1618736811135	mozrunner::runner	INFO	Running command: "C:\\Program Files\\MozillaFirefox\\firefox.exe" "--marionette" "--ignore-certificate-errors" "--incognito" "--headless" "-foreground" "-no-remote" "-profile" "C:\\Users\\jtl\\AppData\\Local\\Temp\\rust_mozprofile1jGxE4"
*** You are running in headless mode.
1618736811594	addons.webextension.screenshots@mozilla.org	WARN	Loading extension 'screenshots@mozilla.org': Reading manifest: Invalid extension permission: mozillaAddons
1618736811594	addons.webextension.screenshots@mozilla.org	WARN	Loading extension 'screenshots@mozilla.org': Reading manifest: Invalid extension permission: telemetry
1618736811595	addons.webextension.screenshots@mozilla.org	WARN	Loading extension 'screenshots@mozilla.org': Reading manifest: Invalid extension permission: resource://pdf.js/
1618736811595	addons.webextension.screenshots@mozilla.org	WARN	Loading extension 'screenshots@mozilla.org': Reading manifest: Invalid extension permission: about:reader*
JavaScript error: undefined, line 14: Error: An unexpected error occurred
JavaScript error: moz-extension://8bd9a704-6c1b-475b-8337-b65ca7ce636c/lib/picture_in_picture_overrides.js, line 15: Error: Incorrect argument types for pictureInPictureParent.setOverrides.
JavaScript error: resource:///modules/sessionstore/SessionStore.jsm, line 1325: uncaught exception: 2147746065
1618736813102	Marionette	INFO	Listening on port 58342
1618736813150	Marionette	WARN	TLS certificate errors will be ignored for this session
1618736830993	geckodriver	INFO	Listening on 127.0.0.1:58384
1618736834036	mozrunner::runner	INFO	Running command: "C:\\Program Files\\MozillaFirefox\\firefox.exe" "--marionette" "--ignore-certificate-errors" "--incognito" "--headless" "-foreground" "-no-remote" "-profile" "C:\\Users\\jtl\\AppData\\Local\\Temp\\rust_mozprofileNE1iwn"
*** You are running in headless mode.
1618736834530	addons.webextension.screenshots@mozilla.org	WARN	Loading extension 'screenshots@mozilla.org': Reading manifest: Invalid extension permission: mozillaAddons
1618736834530	addons.webextension.screenshots@mozilla.org	WARN	Loading extension 'screenshots@mozilla.org': Reading manifest: Invalid extension permission: telemetry
1618736834531	addons.webextension.screenshots@mozilla.org	WARN	Loading extension 'screenshots@mozilla.org': Reading manifest: Invalid extension permission: resource://pdf.js/
1618736834531	addons.webextension.screenshots@mozilla.org	WARN	Loading extension 'screenshots@mozilla.org': Reading manifest: Invalid extension permission: about:reader*
JavaScript error: undefined, line 14: Error: An unexpected error occurred
JavaScript error: moz-extension://a3970b9c-bd7f-4ade-8863-e6d06be4f756/lib/picture_in_picture_overrides.js, line 15: Error: Incorrect argument types for pictureInPictureParent.setOverrides.
JavaScript error: resource:///modules/sessionstore/SessionStore.jsm, line 1325: uncaught exception: 2147746065
1618736836205	Marionette	INFO	Listening on port 58394
1618736836676	Marionette	WARN	TLS certificate errors will be ignored for this session
1618736882391	geckodriver	INFO	Listening on 127.0.0.1:58466
1618736885469	mozrunner::runner	INFO	Running command: "C:\\Program Files\\MozillaFirefox\\firefox.exe" "--marionette" "--ignore-certificate-errors" "--incognito" "--headless" "-foreground" "-no-remote" "-profile" "C:\\Users\\jtl\\AppData\\Local\\Temp\\rust_mozprofilenwXQhA"
*** You are running in headless mode.
1618736885894	addons.webextension.screenshots@mozilla.org	WARN	Loading extension 'screenshots@mozilla.org': Reading manifest: Invalid extension permission: mozillaAddons
1618736885894	addons.webextension.screenshots@mozilla.org	WARN	Loading extension 'screenshots@mozilla.org': Reading manifest: Invalid extension permission: telemetry
1618736885894	addons.webextension.screenshots@mozilla.org	WARN	Loading extension 'screenshots@mozilla.org': Reading manifest: Invalid extension permission: resource://pdf.js/
1618736885894	addons.webextension.screenshots@mozilla.org	WARN	Loading extension 'screenshots@mozilla.org': Reading manifest: Invalid extension permission: about:reader*
JavaScript error: undefined, line 14: Error: An unexpected error occurred
JavaScript error: moz-extension://e3a3d564-94b2-41bb-8e44-4f81a96242f3/lib/picture_in_picture_overrides.js, line 15: Error: Incorrect argument types for pictureInPictureParent.setOverrides.
JavaScript error: resource:///modules/sessionstore/SessionStore.jsm, line 1325: uncaught exception: 2147746065
1618736887199	Marionette	INFO	Listening on port 58476
1618736887512	Marionette	WARN	TLS certificate errors will be ignored for this session
1618736896767	geckodriver	INFO	Listening on 127.0.0.1:58517
1618736899801	mozrunner::runner	INFO	Running command: "C:\\Program Files\\MozillaFirefox\\firefox.exe" "--marionette" "--ignore-certificate-errors" "--incognito" "--headless" "-foreground" "-no-remote" "-profile" "C:\\Users\\jtl\\AppData\\Local\\Temp\\rust_mozprofileiITyDy"
*** You are running in headless mode.
1618736900227	addons.webextension.screenshots@mozilla.org	WARN	Loading extension 'screenshots@mozilla.org': Reading manifest: Invalid extension permission: mozillaAddons
1618736900227	addons.webextension.screenshots@mozilla.org	WARN	Loading extension 'screenshots@mozilla.org': Reading manifest: Invalid extension permission: telemetry
1618736900228	addons.webextension.screenshots@mozilla.org	WARN	Loading extension 'screenshots@mozilla.org': Reading manifest: Invalid extension permission: resource://pdf.js/
1618736900228	addons.webextension.screenshots@mozilla.org	WARN	Loading extension 'screenshots@mozilla.org': Reading manifest: Invalid extension permission: about:reader*
JavaScript error: undefined, line 14: Error: An unexpected error occurred
JavaScript error: moz-extension://f309353a-71e8-4641-856e-5dd2c3a0e536/lib/picture_in_picture_overrides.js, line 15: Error: Incorrect argument types for pictureInPictureParent.setOverrides.
JavaScript error: resource:///modules/sessionstore/SessionStore.jsm, line 1325: uncaught exception: 2147746065
1618736901510	Marionette	INFO	Listening on port 58526
1618736901836	Marionette	WARN	TLS certificate errors will be ignored for this session
1618736944435	geckodriver	INFO	Listening on 127.0.0.1:58582
1618736947504	mozrunner::runner	INFO	Running command: "C:\\Program Files\\MozillaFirefox\\firefox.exe" "--marionette" "--ignore-certificate-errors" "--incognito" "--headless" "-foreground" "-no-remote" "-profile" "C:\\Users\\jtl\\AppData\\Local\\Temp\\rust_mozprofileQp1hl8"
*** You are running in headless mode.
1618736947936	addons.webextension.screenshots@mozilla.org	WARN	Loading extension 'screenshots@mozilla.org': Reading manifest: Invalid extension permission: mozillaAddons
1618736947936	addons.webextension.screenshots@mozilla.org	WARN	Loading extension 'screenshots@mozilla.org': Reading manifest: Invalid extension permission: telemetry
1618736947937	addons.webextension.screenshots@mozilla.org	WARN	Loading extension 'screenshots@mozilla.org': Reading manifest: Invalid extension permission: resource://pdf.js/
1618736947937	addons.webextension.screenshots@mozilla.org	WARN	Loading extension 'screenshots@mozilla.org': Reading manifest: Invalid extension permission: about:reader*
JavaScript error: undefined, line 14: Error: An unexpected error occurred
JavaScript error: moz-extension://d1f87a8e-f95a-4448-92a7-1d5cff37c0d9/lib/picture_in_picture_overrides.js, line 15: Error: Incorrect argument types for pictureInPictureParent.setOverrides.
JavaScript error: resource:///modules/sessionstore/SessionStore.jsm, line 1325: uncaught exception: 2147746065
1618736949386	Marionette	INFO	Listening on port 58592
1618736949549	Marionette	WARN	TLS certificate errors will be ignored for this session
1618736955603	geckodriver	INFO	Listening on 127.0.0.1:58629
1618736958668	mozrunner::runner	INFO	Running command: "C:\\Program Files\\MozillaFirefox\\firefox.exe" "--marionette" "--ignore-certificate-errors" "--incognito" "--headless" "-foreground" "-no-remote" "-profile" "C:\\Users\\jtl\\AppData\\Local\\Temp\\rust_mozprofileSefOQy"
*** You are running in headless mode.
1618736959103	addons.webextension.screenshots@mozilla.org	WARN	Loading extension 'screenshots@mozilla.org': Reading manifest: Invalid extension permission: mozillaAddons
1618736959103	addons.webextension.screenshots@mozilla.org	WARN	Loading extension 'screenshots@mozilla.org': Reading manifest: Invalid extension permission: telemetry
1618736959103	addons.webextension.screenshots@mozilla.org	WARN	Loading extension 'screenshots@mozilla.org': Reading manifest: Invalid extension permission: resource://pdf.js/
1618736959103	addons.webextension.screenshots@mozilla.org	WARN	Loading extension 'screenshots@mozilla.org': Reading manifest: Invalid extension permission: about:reader*
JavaScript error: undefined, line 14: Error: An unexpected error occurred
JavaScript error: moz-extension://fdad7388-0c7c-455d-b0bc-de2c18c7175e/lib/picture_in_picture_overrides.js, line 15: Error: Incorrect argument types for pictureInPictureParent.setOverrides.
JavaScript error: resource:///modules/sessionstore/SessionStore.jsm, line 1325: uncaught exception: 2147746065
1618736960499	Marionette	INFO	Listening on port 58637
1618736960693	Marionette	WARN	TLS certificate errors will be ignored for this session
1618736973125	geckodriver	INFO	Listening on 127.0.0.1:58682
1618736976156	mozrunner::runner	INFO	Running command: "C:\\Program Files\\MozillaFirefox\\firefox.exe" "--marionette" "--ignore-certificate-errors" "--incognito" "--headless" "-foreground" "-no-remote" "-profile" "C:\\Users\\jtl\\AppData\\Local\\Temp\\rust_mozprofilePMCWII"
*** You are running in headless mode.
1618736976633	addons.webextension.screenshots@mozilla.org	WARN	Loading extension 'screenshots@mozilla.org': Reading manifest: Invalid extension permission: mozillaAddons
1618736976633	addons.webextension.screenshots@mozilla.org	WARN	Loading extension 'screenshots@mozilla.org': Reading manifest: Invalid extension permission: telemetry
1618736976633	addons.webextension.screenshots@mozilla.org	WARN	Loading extension 'screenshots@mozilla.org': Reading manifest: Invalid extension permission: resource://pdf.js/
1618736976633	addons.webextension.screenshots@mozilla.org	WARN	Loading extension 'screenshots@mozilla.org': Reading manifest: Invalid extension permission: about:reader*
JavaScript error: undefined, line 14: Error: An unexpected error occurred
JavaScript error: moz-extension://a4cef28b-4300-4efe-91a8-fcfa00b92e4f/lib/picture_in_picture_overrides.js, line 15: Error: Incorrect argument types for pictureInPictureParent.setOverrides.
JavaScript error: resource:///modules/sessionstore/SessionStore.jsm, line 1325: uncaught exception: 2147746065
1618736978048	Marionette	INFO	Listening on port 58692
1618736978186	Marionette	WARN	TLS certificate errors will be ignored for this session
1618736992001	geckodriver	INFO	Listening on 127.0.0.1:58736
1618736995080	mozrunner::runner	INFO	Running command: "C:\\Program Files\\MozillaFirefox\\firefox.exe" "--marionette" "--ignore-certificate-errors" "--incognito" "--headless" "-foreground" "-no-remote" "-profile" "C:\\Users\\jtl\\AppData\\Local\\Temp\\rust_mozprofileljIShe"
*** You are running in headless mode.
1618736995511	addons.webextension.screenshots@mozilla.org	WARN	Loading extension 'screenshots@mozilla.org': Reading manifest: Invalid extension permission: mozillaAddons
1618736995511	addons.webextension.screenshots@mozilla.org	WARN	Loading extension 'screenshots@mozilla.org': Reading manifest: Invalid extension permission: telemetry
1618736995511	addons.webextension.screenshots@mozilla.org	WARN	Loading extension 'screenshots@mozilla.org': Reading manifest: Invalid extension permission: resource://pdf.js/
1618736995511	addons.webextension.screenshots@mozilla.org	WARN	Loading extension 'screenshots@mozilla.org': Reading manifest: Invalid extension permission: about:reader*
JavaScript error: undefined, line 14: Error: An unexpected error occurred
JavaScript error: moz-extension://761d9abc-e8e8-4bab-8419-320d0a97ef38/lib/picture_in_picture_overrides.js, line 15: Error: Incorrect argument types for pictureInPictureParent.setOverrides.
JavaScript error: resource:///modules/sessionstore/SessionStore.jsm, line 1325: uncaught exception: 2147746065
1618736996922	Marionette	INFO	Listening on port 58744
1618736997130	Marionette	WARN	TLS certificate errors will be ignored for this session
